2025-06-01T20:26:02.619-04:00  INFO 13837 --- [APIDocumentationHub] [main] c.n.a.ApiDocumentationHubApplication     : Starting ApiDocumentationHubApplication using Java 21.0.7 with PID 13837 (/Users/nshekhar/Workspace/api-documentation-hub/target/classes started by nshekhar in /Users/nshekhar/Workspace/api-documentation-hub)
2025-06-01T20:26:02.620-04:00  INFO 13837 --- [APIDocumentationHub] [main] c.n.a.ApiDocumentationHubApplication     : No active profile set, falling back to 1 default profile: "default"
2025-06-01T20:26:02.903-04:00  INFO 13837 --- [APIDocumentationHub] [main] .s.d.r.c.RepositoryConfigurationDelegate : Bootstrapping Spring Data JPA repositories in DEFAULT mode.
2025-06-01T20:26:02.924-04:00  INFO 13837 --- [APIDocumentationHub] [main] .s.d.r.c.RepositoryConfigurationDelegate : Finished Spring Data repository scanning in 18 ms. Found 3 JPA repository interfaces.
2025-06-01T20:26:03.106-04:00  INFO 13837 --- [APIDocumentationHub] [main] o.s.b.w.embedded.tomcat.TomcatWebServer  : Tomcat initialized with port 8080 (http)
2025-06-01T20:26:03.110-04:00  INFO 13837 --- [APIDocumentationHub] [main] o.apache.catalina.core.StandardService   : Starting service [Tomcat]
2025-06-01T20:26:03.111-04:00  INFO 13837 --- [APIDocumentationHub] [main] o.apache.catalina.core.StandardEngine    : Starting Servlet engine: [Apache Tomcat/10.1.16]
2025-06-01T20:26:03.136-04:00  INFO 13837 --- [APIDocumentationHub] [main] o.a.c.c.C.[Tomcat].[localhost].[/]       : Initializing Spring embedded WebApplicationContext
2025-06-01T20:26:03.136-04:00  INFO 13837 --- [APIDocumentationHub] [main] w.s.c.ServletWebServerApplicationContext : Root WebApplicationContext: initialization completed in 491 ms
2025-06-01T20:26:03.147-04:00  INFO 13837 --- [APIDocumentationHub] [main] com.zaxxer.hikari.HikariDataSource       : HikariPool-1 - Starting...
2025-06-01T20:26:03.214-04:00  INFO 13837 --- [APIDocumentationHub] [main] com.zaxxer.hikari.pool.HikariPool        : HikariPool-1 - Added connection conn0: url=jdbc:h2:mem:apihub user=SA
2025-06-01T20:26:03.215-04:00  INFO 13837 --- [APIDocumentationHub] [main] com.zaxxer.hikari.HikariDataSource       : HikariPool-1 - Start completed.
2025-06-01T20:26:03.220-04:00  INFO 13837 --- [APIDocumentationHub] [main] o.s.b.a.h2.H2ConsoleAutoConfiguration    : H2 console available at '/h2-console'. Database available at 'jdbc:h2:mem:apihub'
2025-06-01T20:26:03.267-04:00  INFO 13837 --- [APIDocumentationHub] [main] o.hibernate.jpa.internal.util.LogHelper  : HHH000204: Processing PersistenceUnitInfo [name: default]
2025-06-01T20:26:03.283-04:00  INFO 13837 --- [APIDocumentationHub] [main] org.hibernate.Version                    : HHH000412: Hibernate ORM core version 6.3.1.Final
2025-06-01T20:26:03.293-04:00  INFO 13837 --- [APIDocumentationHub] [main] o.h.c.internal.RegionFactoryInitiator    : HHH000026: Second-level cache disabled
2025-06-01T20:26:03.370-04:00  INFO 13837 --- [APIDocumentationHub] [main] o.s.o.j.p.SpringPersistenceUnitInfo      : No LoadTimeWeaver setup: ignoring JPA class transformer
2025-06-01T20:26:03.387-04:00  WARN 13837 --- [APIDocumentationHub] [main] org.hibernate.orm.deprecation            : HHH90000025: H2Dialect does not need to be specified explicitly using 'hibernate.dialect' (remove the property setting and it will be selected by default)
2025-06-01T20:26:03.710-04:00  INFO 13837 --- [APIDocumentationHub] [main] o.h.e.t.j.p.i.JtaPlatformInitiator       : HHH000489: No JTA platform available (set 'hibernate.transaction.jta.platform' to enable JTA platform integration)
2025-06-01T20:26:03.733-04:00  INFO 13837 --- [APIDocumentationHub] [main] j.LocalContainerEntityManagerFactoryBean : Initialized JPA EntityManagerFactory for persistence unit 'default'
2025-06-01T20:26:03.904-04:00  INFO 13837 --- [APIDocumentationHub] [main] o.s.d.j.r.query.QueryEnhancerFactory     : Hibernate is in classpath; If applicable, HQL parser will be used.
2025-06-01T20:26:04.195-04:00  WARN 13837 --- [APIDocumentationHub] [main] JpaBaseConfiguration$JpaWebConfiguration : spring.jpa.open-in-view is enabled by default. Therefore, database queries may be performed during view rendering. Explicitly configure spring.jpa.open-in-view to disable this warning
2025-06-01T20:26:04.202-04:00  INFO 13837 --- [APIDocumentationHub] [main] o.s.b.a.w.s.WelcomePageHandlerMapping    : Adding welcome page template: index
2025-06-01T20:26:04.338-04:00  INFO 13837 --- [APIDocumentationHub] [main] o.s.b.w.embedded.tomcat.TomcatWebServer  : Tomcat started on port 8080 (http) with context path ''
2025-06-01T20:26:04.342-04:00  INFO 13837 --- [APIDocumentationHub] [main] c.n.a.ApiDocumentationHubApplication     : Started ApiDocumentationHubApplication in 1.92 seconds (process running for 2.101)
2025-06-01T20:26:29.671-04:00  INFO 13837 --- [APIDocumentationHub] [http-nio-8080-exec-1] o.a.c.c.C.[Tomcat].[localhost].[/]       : Initializing Spring DispatcherServlet 'dispatcherServlet'
2025-06-01T20:26:29.671-04:00  INFO 13837 --- [APIDocumentationHub] [http-nio-8080-exec-1] o.s.web.servlet.DispatcherServlet        : Initializing Servlet 'dispatcherServlet'
2025-06-01T20:26:29.672-04:00  INFO 13837 --- [APIDocumentationHub] [http-nio-8080-exec-1] o.s.web.servlet.DispatcherServlet        : Completed initialization in 1 ms
2025-06-01T20:28:03.698-04:00  INFO 13837 --- [APIDocumentationHub] [SpringApplicationShutdownHook] j.LocalContainerEntityManagerFactoryBean : Closing JPA EntityManagerFactory for persistence unit 'default'
2025-06-01T20:28:03.702-04:00  INFO 13837 --- [APIDocumentationHub] [SpringApplicationShutdownHook] com.zaxxer.hikari.HikariDataSource       : HikariPool-1 - Shutdown initiated...
2025-06-01T20:28:03.704-04:00  INFO 13837 --- [APIDocumentationHub] [SpringApplicationShutdownHook] com.zaxxer.hikari.HikariDataSource       : HikariPool-1 - Shutdown completed.
